TN:
SF:/mnt/hgfs/aarongriffin/Code/dockyarda/src/backup.rs
FN:41,backup_directory
FN:55,{{closure}}
FN:58,{{closure}}
FN:80,create_directory
FN:91,backup_directory_to_mount
FN:130,{{closure}}
FN:141,backup_volume
FN:171,{{closure}}
FN:197,backup_container
FN:256,filter_mount
FN:310,get_container_info
FN:333,validate_process_results<core::future::from_generator::GenFuture<generator-0>,core::future::from_generator::GenFuture<generator-0>>
FN:361,write_container_backup
FN:386,{{closure}}
FN:416,{{closure}}
FN:436,{{closure}}
FN:474,{{closure}}
FN:481,{{closure}}
FN:511,{{closure}}
FN:520,drop_in_place<generator-0>
FN:567,drop_in_place<generator-0>
FN:596,create_and_start_container
FNF:22
FNDA:1,backup_directory
FNDA:2,{{closure}}
FNDA:2,{{closure}}
FNDA:2,create_directory
FNDA:1,backup_directory_to_mount
FNDA:3,{{closure}}
FNDA:2,backup_volume
FNDA:10,{{closure}}
FNDA:2,backup_container
FNDA:2,filter_mount
FNDA:2,get_container_info
FNDA:2,validate_process_results<core::future::from_generator::GenFuture<generator-0>,core::future::from_generator::GenFuture<generator-0>>
FNDA:2,write_container_backup
FNDA:10,{{closure}}
FNDA:3,{{closure}}
FNDA:3,{{closure}}
FNDA:3,{{closure}}
FNDA:3,{{closure}}
FNDA:3,{{closure}}
FNDA:5,drop_in_place<generator-0>
FNDA:7,drop_in_place<generator-0>
FNDA:1,create_and_start_container
DA:41,1
DA:42,1
DA:43,1
DA:44,1
DA:46,4
DA:47,1
DA:48,2
DA:49,3
DA:51,1
DA:52,1
DA:54,3
DA:55,2
DA:56,2
DA:57,1
DA:58,2
DA:59,0
DA:60,0
DA:61,0
DA:65,1
DA:67,2
DA:68,5
DA:69,6
DA:71,2
DA:72,2
DA:74,2
DA:75,1
DA:77,2
DA:80,2
DA:81,2
DA:82,0
DA:84,4
DA:86,4
DA:87,2
DA:88,2
DA:91,1
DA:97,8
DA:99,1
DA:100,1
DA:101,2
DA:103,1
DA:104,3
DA:105,3
DA:107,1
DA:108,2
DA:109,1
DA:112,3
DA:115,2
DA:116,2
DA:118,6
DA:120,4
DA:129,3
DA:130,3
DA:141,2
DA:146,4
DA:147,2
DA:148,2
DA:149,4
DA:150,2
DA:151,2
DA:153,2
DA:155,4
DA:156,16
DA:158,2
DA:159,4
DA:160,4
DA:162,2
DA:163,4
DA:167,6
DA:169,4
DA:170,12
DA:171,10
DA:172,6
DA:180,2
DA:181,2
DA:183,0
DA:197,2
DA:203,2
DA:204,14
DA:206,2
DA:207,4
DA:209,10
DA:210,2
DA:211,10
DA:212,7
DA:213,2
DA:214,0
DA:216,3
DA:218,3
DA:220,2
DA:221,2
DA:222,1
DA:223,2
DA:224,1
DA:225,1
DA:226,1
DA:227,1
DA:232,6
DA:233,4
DA:234,2
DA:235,4
DA:239,10
DA:241,2
DA:242,2
DA:243,2
DA:246,10
DA:256,2
DA:261,5
DA:262,4
DA:263,4
DA:264,10
DA:265,8
DA:266,2
DA:267,0
DA:271,4
DA:272,0
DA:275,10
DA:281,1
DA:282,2
DA:283,1
DA:284,0
DA:287,5
DA:291,0
DA:292,0
DA:296,0
DA:310,2
DA:315,12
DA:316,2
DA:317,2
DA:318,2
DA:319,6
DA:320,12
DA:321,2
DA:324,2
DA:333,2
DA:339,2
DA:340,10
DA:341,6
DA:342,4
DA:343,12
DA:344,2
DA:346,0
DA:349,2
DA:361,2
DA:367,4
DA:369,10
DA:370,8
DA:371,12
DA:373,4
DA:374,6
DA:375,4
DA:378,2
DA:380,2
DA:384,12
DA:385,4
DA:386,10
DA:388,0
DA:416,3
DA:417,2
DA:418,1
DA:419,1
DA:420,1
DA:421,1
DA:422,3
DA:426,1
DA:428,1
DA:429,0
DA:430,1
DA:431,1
DA:436,3
DA:437,2
DA:438,1
DA:439,1
DA:440,1
DA:441,1
DA:442,1
DA:444,2
DA:445,1
DA:446,3
DA:450,2
DA:451,1
DA:453,1
DA:454,1
DA:455,1
DA:456,1
DA:458,1
DA:460,1
DA:461,3
DA:462,1
DA:463,1
DA:464,2
DA:465,1
DA:466,2
DA:467,2
DA:470,1
DA:474,3
DA:475,2
DA:476,1
DA:477,2
DA:481,3
DA:482,2
DA:483,1
DA:484,2
DA:485,1
DA:486,1
DA:489,2
DA:491,1
DA:492,1
DA:493,1
DA:497,1
DA:498,1
DA:499,1
DA:500,1
DA:501,1
DA:503,1
DA:504,1
DA:507,1
DA:511,3
DA:512,2
DA:513,1
DA:514,2
DA:515,2
DA:516,1
DA:517,1
DA:520,5
DA:521,5
DA:522,1
DA:523,1
DA:524,2
DA:525,1
DA:526,1
DA:529,2
DA:530,3
DA:531,1
DA:532,2
DA:533,1
DA:534,1
DA:536,6
DA:541,1
DA:542,1
DA:543,1
DA:545,2
DA:546,1
DA:548,1
DA:549,1
DA:550,1
DA:553,1
DA:554,2
DA:555,2
DA:556,2
DA:557,1
DA:558,2
DA:559,2
DA:560,1
DA:563,2
DA:567,7
DA:568,6
DA:569,1
DA:570,1
DA:573,6
DA:574,1
DA:575,1
DA:576,5
DA:578,1
DA:579,1
DA:581,2
DA:584,1
DA:585,5
DA:586,5
DA:588,1
DA:589,1
DA:591,2
DA:593,1
DA:596,1
DA:601,1
DA:602,4
DA:603,6
DA:605,1
DA:606,1
DA:607,1
DA:608,2
DA:609,1
DA:610,1
DA:611,1
DA:613,1
DA:616,3
DA:617,6
DA:618,1
DA:619,1
DA:620,1
LF:289
LH:274
end_of_record
TN:
SF:/mnt/hgfs/aarongriffin/Code/dockyarda/src/cleanup.rs
FN:15,cleanup_dockyard_containers
FN:27,cleanup_child_containers
FN:45,stop_and_remove_containers
FN:81,drop_in_place<generator-0>
FN:91,drop_in_place<generator-0>
FN:99,get_all_containers
FN:116,get_containers_by_label
FN:148,get_containers_by_pid_test
FN:155,drop_in_place<generator-0>
FN:166,drop_in_place<generator-1>
FN:175,get_dockyard_containers_test
FN:180,drop_in_place<generator-0>
FN:191,drop_in_place<generator-1>
FN:196,{{closure}}
FN:204,create_hello_container
FNF:15
FNDA:0,cleanup_dockyard_containers
FNDA:0,cleanup_child_containers
FNDA:1,stop_and_remove_containers
FNDA:6,drop_in_place<generator-0>
FNDA:6,drop_in_place<generator-0>
FNDA:0,get_all_containers
FNDA:1,get_containers_by_label
FNDA:3,get_containers_by_pid_test
FNDA:6,drop_in_place<generator-0>
FNDA:6,drop_in_place<generator-1>
FNDA:3,get_dockyard_containers_test
FNDA:5,drop_in_place<generator-0>
FNDA:5,drop_in_place<generator-1>
FNDA:3,{{closure}}
FNDA:1,create_hello_container
DA:15,0
DA:16,0
DA:17,0
DA:18,0
DA:27,0
DA:28,0
DA:29,0
DA:30,0
DA:32,0
DA:33,0
DA:35,0
DA:45,1
DA:49,4
DA:50,1
DA:51,1
DA:52,3
DA:53,1
DA:54,6
DA:55,5
DA:56,3
DA:58,5
DA:59,7
DA:60,1
DA:63,4
DA:66,5
DA:67,6
DA:68,1
DA:69,1
DA:71,1
DA:81,6
DA:82,7
DA:91,6
DA:94,3
DA:99,0
DA:100,0
DA:101,0
DA:104,0
DA:105,0
DA:116,1
DA:120,4
DA:121,6
DA:122,1
DA:124,3
DA:127,1
DA:131,4
DA:132,0
DA:148,3
DA:149,2
DA:150,1
DA:151,1
DA:153,1
DA:155,6
DA:156,4
DA:157,4
DA:160,2
DA:161,1
DA:162,1
DA:163,2
DA:164,1
DA:166,6
DA:167,6
DA:168,1
DA:175,3
DA:176,2
DA:177,1
DA:178,1
DA:180,5
DA:181,4
DA:182,4
DA:184,1
DA:185,5
DA:188,3
DA:191,5
DA:192,5
DA:196,3
DA:199,1
DA:200,2
DA:204,1
DA:208,5
DA:210,1
DA:211,3
DA:213,1
DA:214,1
DA:215,1
DA:216,4
DA:217,2
DA:218,1
DA:223,1
DA:226,1
DA:227,1
DA:228,1
LF:91
LH:74
end_of_record
TN:
SF:/mnt/hgfs/aarongriffin/Code/dockyarda/src/container.rs
FN:31,set_command_verbosity
FN:35,get_verbosity_arg
FN:44,check_image
FN:50,{{closure}}
FN:54,download_image
FN:72,run_docker_command
FN:99,{{closure}}
FN:120,{{closure}}
FN:165,{{closure}}
FN:178,run_dockyard_command
FN:197,drop_in_place<generator-0>
FN:208,{{closure}}
FN:237,stream_output<core::pin::Pin<alloc::boxed::Box<Stream>>>
FN:241,{{closure}}<core::pin::Pin<alloc::boxed::Box<Stream>>>
FN:247,{{closure}}<core::pin::Pin<alloc::boxed::Box<Stream>>>
FN:257,{{closure}}<core::pin::Pin<alloc::boxed::Box<Stream>>>
FN:267,build_context
FN:294,handle_container_output
FN:311,print_logs
FN:324,get_backup_directory_mount
FN:334,get_backup_volume_mount
FN:343,get_bind_mount
FN:352,get_volume_mount
FNF:23
FNDA:1,set_command_verbosity
FNDA:2,get_verbosity_arg
FNDA:2,check_image
FNDA:0,{{closure}}
FNDA:0,download_image
FNDA:2,run_docker_command
FNDA:6,{{closure}}
FNDA:12,{{closure}}
FNDA:8,{{closure}}
FNDA:2,run_dockyard_command
FNDA:14,drop_in_place<generator-0>
FNDA:4,{{closure}}
FNDA:0,stream_output<core::pin::Pin<alloc::boxed::Box<Stream>>>
FNDA:0,{{closure}}<core::pin::Pin<alloc::boxed::Box<Stream>>>
FNDA:0,{{closure}}<core::pin::Pin<alloc::boxed::Box<Stream>>>
FNDA:0,{{closure}}<core::pin::Pin<alloc::boxed::Box<Stream>>>
FNDA:0,build_context
FNDA:2,handle_container_output
FNDA:2,print_logs
FNDA:1,get_backup_directory_mount
FNDA:1,get_backup_volume_mount
FNDA:0,get_bind_mount
FNDA:0,get_volume_mount
DA:31,1
DA:32,1
DA:35,2
DA:36,2
DA:37,3
DA:38,3
DA:40,1
DA:44,2
DA:48,10
DA:49,4
DA:50,0
DA:54,0
DA:58,0
DA:59,0
DA:61,0
DA:62,0
DA:63,0
DA:65,0
DA:66,0
DA:72,2
DA:80,10
DA:81,8
DA:83,0
DA:84,0
DA:86,8
DA:88,0
DA:89,0
DA:91,12
DA:93,2
DA:94,2
DA:96,2
DA:97,2
DA:98,2
DA:99,6
DA:100,2
DA:101,2
DA:102,2
DA:104,2
DA:107,4
DA:110,12
DA:111,2
DA:112,2
DA:113,16
DA:114,2
DA:116,4
DA:117,12
DA:118,2
DA:119,2
DA:120,12
DA:121,4
DA:122,0
DA:123,0
DA:126,12
DA:128,2
DA:129,2
DA:134,2
DA:135,2
DA:139,2
DA:140,2
DA:141,4
DA:142,0
DA:143,0
DA:145,0
DA:148,0
DA:154,8
DA:155,10
DA:157,2
DA:158,2
DA:160,2
DA:163,2
DA:164,2
DA:165,8
DA:166,2
DA:178,2
DA:183,4
DA:184,2
DA:185,2
DA:186,6
DA:187,1
DA:190,10
DA:191,8
DA:192,2
DA:193,4
DA:194,12
DA:197,14
DA:198,6
DA:204,4
DA:205,4
DA:208,4
DA:210,4
DA:211,2
DA:212,4
DA:213,6
DA:214,8
DA:215,8
DA:216,0
DA:217,0
DA:219,0
DA:220,0
DA:222,0
DA:224,0
DA:226,0
DA:227,0
DA:229,0
DA:231,2
DA:233,0
DA:237,0
DA:241,0
DA:242,0
DA:243,0
DA:244,0
DA:247,0
DA:248,0
DA:249,0
DA:255,0
DA:256,0
DA:257,0
DA:258,0
DA:259,0
DA:261,0
DA:262,0
DA:267,0
DA:268,0
DA:269,0
DA:270,0
DA:271,0
DA:272,0
DA:273,0
DA:274,0
DA:275,0
DA:276,0
DA:277,0
DA:278,0
DA:279,0
DA:280,0
DA:281,0
DA:282,0
DA:283,0
DA:294,2
DA:299,2
DA:300,2
DA:301,2
DA:302,2
DA:305,0
DA:306,0
DA:311,2
DA:312,6
DA:313,2
DA:314,2
DA:315,2
DA:316,0
DA:317,4
DA:318,0
DA:324,1
DA:326,1
DA:327,2
DA:328,1
DA:334,1
DA:336,1
DA:337,2
DA:338,1
DA:343,0
DA:345,0
DA:346,0
DA:347,0
DA:352,0
DA:354,0
DA:355,0
DA:356,0
LF:169
LH:96
end_of_record
TN:
SF:/mnt/hgfs/aarongriffin/Code/dockyarda/src/file.rs
FN:7,write_file
FN:16,decode_and_write_file
FN:21,decode_b64
FN:22,{{closure}}
FN:25,read_file
FN:33,read_and_encode_file
FN:51,{{closure}}
FN:62,{{closure}}
FN:72,rand_string
FNF:9
FNDA:1,write_file
FNDA:1,decode_and_write_file
FNDA:2,decode_b64
FNDA:8,{{closure}}
FNDA:0,read_file
FNDA:0,read_and_encode_file
FNDA:3,{{closure}}
FNDA:3,{{closure}}
FNDA:1,rand_string
DA:7,1
DA:8,2
DA:9,1
DA:10,1
DA:11,2
DA:12,1
DA:13,1
DA:16,1
DA:17,2
DA:18,3
DA:21,2
DA:22,8
DA:25,0
DA:26,0
DA:27,0
DA:28,0
DA:29,0
DA:33,0
DA:34,0
DA:35,0
DA:36,0
DA:51,3
DA:52,2
DA:53,1
DA:54,2
DA:55,1
DA:56,2
DA:57,1
DA:58,1
DA:62,3
DA:63,2
DA:64,1
DA:65,2
DA:66,1
DA:67,2
DA:68,1
DA:69,1
DA:72,1
DA:73,2
DA:74,1
LF:40
LH:31
end_of_record
TN:
SF:/mnt/hgfs/aarongriffin/Code/dockyarda/src/main.rs
FN:30,{{closure}}
FN:52,{{closure}}
FN:71,{{closure}}
FN:84,{{closure}}
FN:93,{{closure}}
FN:112,print_usage
FN:117,drop_in_place<generator-0>
FN:122,{{closure}}
FN:140,{{closure}}
FN:153,{{closure}}
FN:159,run_watch
FN:179,{{closure}}
FN:182,run_backup
FN:187,{{closure}}
FN:207,{{closure}}
FN:221,{{closure}}
FNF:16
FNDA:0,{{closure}}
FNDA:0,{{closure}}
FNDA:0,{{closure}}
FNDA:0,{{closure}}
FNDA:0,{{closure}}
FNDA:0,print_usage
FNDA:0,drop_in_place<generator-0>
FNDA:0,{{closure}}
FNDA:0,{{closure}}
FNDA:0,{{closure}}
FNDA:0,run_watch
FNDA:0,{{closure}}
FNDA:0,run_backup
FNDA:0,{{closure}}
FNDA:0,{{closure}}
FNDA:0,{{closure}}
DA:27,0
DA:30,0
DA:32,0
DA:33,0
DA:37,0
DA:38,0
DA:39,0
DA:40,0
DA:41,0
DA:42,0
DA:43,0
DA:46,0
DA:52,0
DA:53,0
DA:54,0
DA:55,0
DA:56,0
DA:57,0
DA:58,0
DA:60,0
DA:61,0
DA:62,0
DA:67,0
DA:68,0
DA:69,0
DA:70,0
DA:71,0
DA:72,0
DA:76,0
DA:77,0
DA:78,0
DA:79,0
DA:80,0
DA:82,0
DA:84,0
DA:86,0
DA:87,0
DA:88,0
DA:89,0
DA:91,0
DA:93,0
DA:94,0
DA:98,0
DA:99,0
DA:100,0
DA:103,0
DA:104,0
DA:105,0
DA:106,0
DA:112,0
DA:113,0
DA:117,0
DA:118,0
DA:119,0
DA:120,0
DA:121,0
DA:122,0
DA:124,0
DA:125,0
DA:126,0
DA:127,0
DA:128,0
DA:129,0
DA:131,0
DA:133,0
DA:134,0
DA:136,0
DA:138,0
DA:140,0
DA:142,0
DA:143,0
DA:144,0
DA:145,0
DA:146,0
DA:147,0
DA:149,0
DA:151,0
DA:153,0
DA:155,0
DA:159,0
DA:160,0
DA:161,0
DA:162,0
DA:163,0
DA:165,0
DA:167,0
DA:169,0
DA:172,0
DA:174,0
DA:175,0
DA:176,0
DA:179,0
DA:182,0
DA:183,0
DA:184,0
DA:185,0
DA:186,0
DA:187,0
DA:188,0
DA:189,0
DA:191,0
DA:196,0
DA:197,0
DA:198,0
DA:199,0
DA:200,0
DA:202,0
DA:204,0
DA:205,0
DA:207,0
DA:208,0
DA:209,0
DA:211,0
DA:215,0
DA:217,0
DA:219,0
DA:221,0
DA:222,0
DA:223,0
DA:225,0
DA:230,0
DA:233,0
LF:122
LH:0
end_of_record
TN:
SF:/mnt/hgfs/aarongriffin/Code/dockyarda/src/restore.rs
FN:15,restore_directory
FN:26,restore_directory_from_mount
FN:49,restore_volume
FN:77,restore_container
FN:124,{{closure}}
FN:190,{{closure}}
FN:200,{{closure}}
FN:210,{{closure}}
FN:261,{{closure}}
FN:317,{{closure}}
FN:349,{{closure}}
FN:357,create_archive
FN:375,copy_from_volume
FNF:13
FNDA:1,restore_directory
FNDA:2,restore_directory_from_mount
FNDA:2,restore_volume
FNDA:2,restore_container
FNDA:4,{{closure}}
FNDA:3,{{closure}}
FNDA:3,{{closure}}
FNDA:5,{{closure}}
FNDA:3,{{closure}}
FNDA:5,{{closure}}
FNDA:5,{{closure}}
FNDA:1,create_archive
FNDA:1,copy_from_volume
DA:15,1
DA:16,2
DA:17,1
DA:18,1
DA:19,1
DA:20,1
DA:21,2
DA:22,2
DA:23,1
DA:26,2
DA:32,12
DA:33,4
DA:34,8
DA:35,6
DA:36,2
DA:37,2
DA:38,2
DA:39,4
DA:40,2
DA:41,2
DA:44,4
DA:45,10
DA:46,8
DA:49,2
DA:55,14
DA:57,4
DA:58,2
DA:60,14
DA:61,2
DA:62,4
DA:63,2
DA:64,2
DA:65,2
DA:67,4
DA:68,6
DA:69,8
DA:70,4
DA:71,4
DA:72,4
DA:73,10
DA:74,8
DA:77,2
DA:83,12
DA:84,4
DA:86,2
DA:87,4
DA:88,2
DA:90,2
DA:91,4
DA:92,0
DA:94,6
DA:95,6
DA:96,10
DA:97,6
DA:98,2
DA:99,10
DA:100,4
DA:101,6
DA:102,2
DA:104,2
DA:105,2
DA:106,4
DA:107,2
DA:109,2
DA:111,2
DA:113,2
DA:114,2
DA:115,1
DA:118,3
DA:119,1
DA:122,8
DA:123,10
DA:124,4
DA:125,10
DA:128,2
DA:129,12
DA:132,2
DA:133,2
DA:134,2
DA:135,2
DA:136,2
DA:137,2
DA:138,2
DA:139,2
DA:140,2
DA:141,2
DA:142,2
DA:143,2
DA:144,2
DA:145,2
DA:146,2
DA:147,2
DA:148,2
DA:149,2
DA:150,2
DA:151,2
DA:152,2
DA:153,2
DA:154,2
DA:155,2
DA:156,2
DA:157,2
DA:161,14
DA:163,2
DA:164,2
DA:166,4
DA:167,10
DA:168,2
DA:190,3
DA:191,2
DA:192,1
DA:193,1
DA:194,2
DA:195,1
DA:196,1
DA:200,3
DA:201,2
DA:202,1
DA:203,1
DA:204,1
DA:205,3
DA:207,1
DA:208,1
DA:210,5
DA:211,2
DA:212,2
DA:213,1
DA:214,1
DA:215,1
DA:216,1
DA:218,1
DA:219,1
DA:220,2
DA:221,1
DA:222,1
DA:224,5
DA:225,1
DA:226,4
DA:227,1
DA:231,1
DA:232,1
DA:233,1
DA:234,3
DA:235,1
DA:236,1
DA:238,1
DA:241,2
DA:242,6
DA:247,1
DA:248,3
DA:249,1
DA:250,1
DA:251,2
DA:252,1
DA:253,2
DA:254,2
DA:257,1
DA:261,3
DA:262,2
DA:263,1
DA:264,1
DA:265,1
DA:266,1
DA:267,2
DA:268,1
DA:269,2
DA:270,1
DA:271,2
DA:272,2
DA:273,2
DA:275,3
DA:276,1
DA:286,1
DA:287,1
DA:288,1
DA:292,1
DA:293,1
DA:303,1
DA:307,1
DA:309,2
DA:310,3
DA:312,2
DA:315,1
DA:316,1
DA:317,5
DA:318,5
DA:319,1
DA:320,1
DA:321,1
DA:322,3
DA:326,6
DA:327,2
DA:330,1
DA:332,1
DA:333,2
DA:334,1
DA:336,1
DA:337,1
DA:338,2
DA:339,1
DA:340,2
DA:344,1
DA:345,1
DA:346,2
DA:347,1
DA:349,5
DA:350,6
DA:351,1
DA:357,1
DA:358,3
DA:359,4
DA:361,4
DA:362,2
DA:363,6
DA:367,4
DA:368,2
DA:369,2
DA:370,2
DA:371,4
DA:372,2
DA:375,1
DA:380,3
DA:381,1
DA:382,1
DA:383,2
DA:384,1
DA:385,1
DA:387,1
DA:388,2
DA:389,2
DA:390,1
DA:391,1
DA:394,3
DA:395,2
DA:396,3
DA:399,1
DA:401,1
DA:402,1
DA:403,1
DA:405,1
DA:406,3
LF:241
LH:240
end_of_record
TN:
SF:/mnt/hgfs/aarongriffin/Code/dockyarda/src/watch.rs
FN:14,backup_on_interval
FN:52,backup_all_containers
FN:63,{{closure}}
FN:70,{{closure}}
FN:93,should_back_up
FNF:5
FNDA:0,backup_on_interval
FNDA:0,backup_all_containers
FNDA:0,{{closure}}
FNDA:0,{{closure}}
FNDA:0,should_back_up
DA:14,0
DA:21,0
DA:22,0
DA:23,0
DA:25,0
DA:26,0
DA:27,0
DA:28,0
DA:29,0
DA:30,0
DA:32,0
DA:33,0
DA:37,0
DA:39,0
DA:40,0
DA:41,0
DA:43,0
DA:45,0
DA:46,0
DA:49,0
DA:52,0
DA:58,0
DA:59,0
DA:60,0
DA:61,0
DA:63,0
DA:64,0
DA:65,0
DA:70,0
DA:73,0
DA:74,0
DA:75,0
DA:76,0
DA:78,0
DA:79,0
DA:80,0
DA:81,0
DA:83,0
DA:84,0
DA:86,0
DA:87,0
DA:90,0
DA:93,0
DA:94,0
DA:95,0
DA:96,0
DA:97,0
DA:99,0
DA:100,0
DA:102,0
LF:50
LH:0
end_of_record
TN:
SF:/mnt/hgfs/aarongriffin/Code/dockyarda/tests/backup_and_restore_test.rs
FN:25,{{closure}}
FN:55,{{closure}}
FN:142,{{closure}}
FN:235,{{closure}}
FN:254,{{closure}}
FNF:5
FNDA:3,{{closure}}
FNDA:5,{{closure}}
FNDA:5,{{closure}}
FNDA:6,{{closure}}
FNDA:2,{{closure}}
DA:25,3
DA:27,1
DA:28,1
DA:29,1
DA:30,1
DA:31,1
DA:33,1
DA:34,1
DA:35,2
DA:36,3
DA:42,2
DA:43,1
DA:44,1
DA:46,1
DA:47,1
DA:51,1
DA:52,2
DA:55,5
DA:57,6
DA:58,1
DA:59,1
DA:60,1
DA:61,1
DA:62,1
DA:65,1
DA:67,6
DA:68,1
DA:69,1
DA:70,1
DA:71,1
DA:72,1
DA:75,1
DA:78,5
DA:79,1
DA:80,3
DA:81,1
DA:82,1
DA:83,3
DA:84,1
DA:85,1
DA:87,1
DA:88,2
DA:89,2
DA:90,1
DA:91,1
DA:94,1
DA:97,2
DA:98,1
DA:101,5
DA:103,1
DA:104,1
DA:106,1
DA:107,2
DA:108,2
DA:109,1
DA:110,1
DA:111,4
DA:112,1
DA:113,3
DA:114,1
DA:115,1
DA:116,3
DA:117,1
DA:118,1
DA:120,1
DA:121,2
DA:122,2
DA:123,1
DA:124,1
DA:127,1
DA:129,1
DA:133,2
DA:136,6
DA:137,2
DA:142,5
DA:143,1
DA:145,5
DA:146,1
DA:147,1
DA:148,1
DA:149,2
DA:152,1
DA:155,6
DA:156,1
DA:159,6
DA:160,2
DA:163,6
DA:164,2
DA:167,2
DA:168,2
DA:171,3
DA:172,5
DA:173,1
DA:174,2
DA:175,1
DA:176,1
DA:180,6
DA:181,2
DA:185,6
DA:186,3
DA:187,6
DA:188,3
DA:189,6
DA:190,2
DA:193,3
DA:202,2
DA:203,3
DA:204,3
DA:214,6
DA:215,2
DA:218,6
DA:219,2
DA:224,6
DA:225,3
DA:228,6
DA:229,2
DA:235,6
DA:236,5
DA:239,1
DA:240,1
DA:241,1
DA:242,1
DA:247,7
DA:248,2
DA:252,3
DA:254,2
DA:255,3
DA:256,2
DA:257,2
DA:259,0
DA:261,0
LF:131
LH:129
end_of_record
TN:
SF:/mnt/hgfs/aarongriffin/Code/dockyarda/tests/common/mod.rs
FN:14,create_archive
FN:28,create_container
FN:53,create_volume
FN:66,remove_volume
FN:75,remove_container
FNF:5
FNDA:1,create_archive
FNDA:0,create_container
FNDA:0,create_volume
FNDA:0,remove_volume
FNDA:0,remove_container
DA:14,1
DA:15,2
DA:17,2
DA:18,3
DA:19,2
DA:22,2
DA:23,1
DA:24,1
DA:25,1
DA:28,0
DA:53,0
DA:66,0
DA:75,0
LF:13
LH:9
end_of_record
